<?xml version="1.0" encoding="UTF-8"?>
<!-- Generated by org.testng.reporters.JUnitReportReporter -->
<testsuite name="com.qmetry.qaf.example.test.SampleTest" tests="2" time="58.426" ignored="0" failures="0" timestamp="15 Dec 2019 13:09:11 GMT" skipped="0" hostname="rahul" errors="0">
  <testcase name="searchResultRandomlyAndAddToCart" time="54.660" classname="com.qmetry.qaf.example.test.SampleTest"/>
  <testcase name="loginToApp" time="3.766" classname="com.qmetry.qaf.example.test.SampleTest"/>
</testsuite> <!-- com.qmetry.qaf.example.test.SampleTest -->
